<?xml version="1.0" encoding="UTF-8"?>
<!-- Generated by org.testng.reporters.JUnitXMLReporter -->
<testsuite hostname="LAPTOP-3SS0ME2H" ignored="0" name="Test" tests="7" failures="0" timestamp="2021-05-04T14:45:46 BST" time="307.65" errors="0">
  <testcase name="@BeforeTest openbrowser" time="307.587" classname="org.maven1_projLearnings.Assignment1_TestNG">
    <failure type="org.openqa.selenium.TimeoutException" message="Timed out waiting for page to load.
Build info: version: &amp;apos;3.141.59&amp;apos;, revision: &amp;apos;e82be7d358&amp;apos;, time: &amp;apos;2018-11-14T08:17:03&amp;apos;
System info: host: &amp;apos;LAPTOP-3SS0ME2H&amp;apos;, ip: &amp;apos;192.168.1.81&amp;apos;, os.name: &amp;apos;Windows 10&amp;apos;, os.arch: &amp;apos;amd64&amp;apos;, os.version: &amp;apos;10.0&amp;apos;, java.version: &amp;apos;1.8.0_261&amp;apos;
Driver info: org.openqa.selenium.ie.InternetExplorerDriver
Capabilities {acceptInsecureCerts: false, browserName: internet explorer, browserVersion: 11, javascriptEnabled: true, pageLoadStrategy: normal, platform: WINDOWS, platformName: WINDOWS, proxy: Proxy(), se:ieOptions: {browserAttachTimeout: 0, elementScrollBehavior: 0, enablePersistentHover: true, ie.browserCommandLineSwitches: , ie.edgechromium: false, ie.edgepath: , ie.ensureCleanSession: false, ie.fileUploadDialogTimeout: 3000, ie.forceCreateProcessApi: false, ignoreProtectedModeSettings: false, ignoreZoomSetting: false, initialBrowserUrl: http://localhost:37974/, nativeEvents: true, requireWindowFocus: false}, setWindowRect: true, strictFileInteractability: false, timeouts: {implicit: 0, pageLoad: 300000, script: 30000}, unhandledPromptBehavior: dismiss and notify}
Session ID: 9c835229-a8c6-406e-b3d7-53debc2089c0">
      <![CDATA[org.openqa.selenium.TimeoutException: Timed out waiting for page to load.
Build info: version: '3.141.59', revision: 'e82be7d358', time: '2018-11-14T08:17:03'
System info: host: 'LAPTOP-3SS0ME2H', ip: '192.168.1.81', os.name: 'Windows 10', os.arch: 'amd64', os.version: '10.0', java.version: '1.8.0_261'
Driver info: org.openqa.selenium.ie.InternetExplorerDriver
Capabilities {acceptInsecureCerts: false, browserName: internet explorer, browserVersion: 11, javascriptEnabled: true, pageLoadStrategy: normal, platform: WINDOWS, platformName: WINDOWS, proxy: Proxy(), se:ieOptions: {browserAttachTimeout: 0, elementScrollBehavior: 0, enablePersistentHover: true, ie.browserCommandLineSwitches: , ie.edgechromium: false, ie.edgepath: , ie.ensureCleanSession: false, ie.fileUploadDialogTimeout: 3000, ie.forceCreateProcessApi: false, ignoreProtectedModeSettings: false, ignoreZoomSetting: false, initialBrowserUrl: http://localhost:37974/, nativeEvents: true, requireWindowFocus: false}, setWindowRect: true, strictFileInteractability: false, timeouts: {implicit: 0, pageLoad: 300000, script: 30000}, unhandledPromptBehavior: dismiss and notify}
Session ID: 9c835229-a8c6-406e-b3d7-53debc2089c0
at org.openqa.selenium.remote.http.W3CHttpResponseCodec.createException(W3CHttpResponseCodec.java:187)
at org.openqa.selenium.remote.http.W3CHttpResponseCodec.decode(W3CHttpResponseCodec.java:122)
at org.openqa.selenium.remote.http.W3CHttpResponseCodec.decode(W3CHttpResponseCodec.java:49)
at org.openqa.selenium.remote.HttpCommandExecutor.execute(HttpCommandExecutor.java:158)
at org.openqa.selenium.remote.service.DriverCommandExecutor.execute(DriverCommandExecutor.java:83)
at org.openqa.selenium.remote.RemoteWebDriver.execute(RemoteWebDriver.java:552)
at org.openqa.selenium.remote.RemoteWebDriver.get(RemoteWebDriver.java:277)
at org.maven1_projLearnings.Assignment1_TestNG.openbrowser(Assignment1_TestNG.java:56)
... Removed 28 stack frames]]>
    </failure>
  </testcase> <!-- @BeforeTest openbrowser -->
  <testcase name="@BeforeTest openbrowser" time="-1.620135945969E9" classname="org.maven1_projLearnings.metoffce">
    <skipped/>
  </testcase> <!-- @BeforeTest openbrowser -->
  <testcase name="@AfterTest CloseDriver" time="-1.620135946018E9" classname="org.maven1_projLearnings.metoffce">
    <skipped/>
  </testcase> <!-- @AfterTest CloseDriver -->
  <testcase name="OpenWebPage" time="0.0" classname="org.maven1_projLearnings.metoffce">
    <skipped/>
  </testcase> <!-- OpenWebPage -->
  <testcase name="searchitem" time="0.0" classname="org.maven1_projLearnings.Assignment1_TestNG">
    <skipped/>
  </testcase> <!-- searchitem -->
  <testcase name="FindLocation" time="0.0" classname="org.maven1_projLearnings.metoffce">
    <skipped/>
  </testcase> <!-- FindLocation -->
  <testcase name="login" time="0.0" classname="org.maven1_projLearnings.Assignment1_TestNG">
    <skipped/>
  </testcase> <!-- login -->
  <testcase name="checkout" time="0.0" classname="org.maven1_projLearnings.Assignment1_TestNG">
    <skipped/>
  </testcase> <!-- checkout -->
  <testcase name="GetTemp" time="0.0" classname="org.maven1_projLearnings.metoffce">
    <skipped/>
  </testcase> <!-- GetTemp -->
  <testcase name="Compare" time="0.0" classname="org.maven1_projLearnings.metoffce">
    <skipped/>
  </testcase> <!-- Compare -->
</testsuite> <!-- Test -->
